{"/home/roslyne-chella/Documents/ICT304/api-tsakem/index.js": {"path":"/home/roslyne-chella/Documents/ICT304/api-tsakem/index.js","statementMap":{"0":{"start":{"line":8,"column":6},"end":{"line":8,"column":null}},"1":{"start":{"line":9,"column":13},"end":{"line":9,"column":null}},"2":{"start":{"line":11,"column":0},"end":{"line":11,"column":null}},"3":{"start":{"line":14,"column":0},"end":{"line":14,"column":null}},"4":{"start":{"line":15,"column":0},"end":{"line":15,"column":null}},"5":{"start":{"line":18,"column":0},"end":{"line":18,"column":null}},"6":{"start":{"line":19,"column":0},"end":{"line":19,"column":null}},"7":{"start":{"line":21,"column":0},"end":{"line":25,"column":null}},"8":{"start":{"line":22,"column":4},"end":{"line":24,"column":null}},"9":{"start":{"line":23,"column":8},"end":{"line":23,"column":null}}},"fnMap":{"0":{"name":"(anonymous_0)","decl":{"start":{"line":22,"column":15},"end":{"line":22,"column":27}},"loc":{"start":{"line":22,"column":27},"end":{"line":24,"column":5}},"line":22}},"branchMap":{"0":{"loc":{"start":{"line":9,"column":13},"end":{"line":9,"column":null}},"type":"binary-expr","locations":[{"start":{"line":9,"column":13},"end":{"line":9,"column":33}},{"start":{"line":9,"column":33},"end":{"line":9,"column":null}}],"line":9},"1":{"loc":{"start":{"line":21,"column":0},"end":{"line":25,"column":null}},"type":"if","locations":[{"start":{"line":21,"column":0},"end":{"line":25,"column":null}},{"start":{},"end":{}}],"line":21}},"s":{"0":1,"1":1,"2":1,"3":1,"4":1,"5":1,"6":1,"7":1,"8":0,"9":0},"f":{"0":0},"b":{"0":[1,1],"1":[0,1]},"meta":{"lastBranch":2,"lastFunction":1,"lastStatement":10,"seen":{"s:8:6:8:Infinity":0,"s:9:13:9:Infinity":1,"b:9:13:9:33:9:33:9:Infinity":0,"s:11:0:11:Infinity":2,"s:14:0:14:Infinity":3,"s:15:0:15:Infinity":4,"s:18:0:18:Infinity":5,"s:19:0:19:Infinity":6,"b:21:0:25:Infinity:undefined:undefined:undefined:undefined":1,"s:21:0:25:Infinity":7,"s:22:4:24:Infinity":8,"f:22:15:22:27":0,"s:23:8:23:Infinity":9},"fnNames":{}}}
,"/home/roslyne-chella/Documents/ICT304/api-tsakem/src/controllers/compte.controller.js": {"path":"/home/roslyne-chella/Documents/ICT304/api-tsakem/src/controllers/compte.controller.js","statementMap":{"0":{"start":{"line":3,"column":29},"end":{"line":3,"column":72}},"1":{"start":{"line":3,"column":43},"end":{"line":3,"column":72}},"2":{"start":{"line":5,"column":28},"end":{"line":17,"column":1}},"3":{"start":{"line":6,"column":27},"end":{"line":6,"column":35}},"4":{"start":{"line":7,"column":4},"end":{"line":7,"column":null}},"5":{"start":{"line":7,"column":37},"end":{"line":7,"column":null}},"6":{"start":{"line":9,"column":26},"end":{"line":14,"column":5}},"7":{"start":{"line":15,"column":4},"end":{"line":15,"column":null}},"8":{"start":{"line":16,"column":4},"end":{"line":16,"column":null}},"9":{"start":{"line":19,"column":28},"end":{"line":24,"column":1}},"10":{"start":{"line":20,"column":18},"end":{"line":20,"column":74}},"11":{"start":{"line":20,"column":41},"end":{"line":20,"column":73}},"12":{"start":{"line":21,"column":4},"end":{"line":21,"column":null}},"13":{"start":{"line":21,"column":22},"end":{"line":21,"column":null}},"14":{"start":{"line":22,"column":4},"end":{"line":22,"column":null}},"15":{"start":{"line":23,"column":4},"end":{"line":23,"column":null}},"16":{"start":{"line":26,"column":28},"end":{"line":29,"column":1}},"17":{"start":{"line":27,"column":22},"end":{"line":27,"column":108}},"18":{"start":{"line":27,"column":42},"end":{"line":27,"column":107}},"19":{"start":{"line":28,"column":4},"end":{"line":28,"column":null}},"20":{"start":{"line":32,"column":29},"end":{"line":36,"column":1}},"21":{"start":{"line":33,"column":19},"end":{"line":33,"column":70}},"22":{"start":{"line":33,"column":37},"end":{"line":33,"column":69}},"23":{"start":{"line":34,"column":4},"end":{"line":34,"column":null}},"24":{"start":{"line":34,"column":17},"end":{"line":34,"column":null}},"25":{"start":{"line":35,"column":4},"end":{"line":35,"column":null}}},"fnMap":{"0":{"name":"(anonymous_0)","decl":{"start":{"line":3,"column":29},"end":{"line":3,"column":30}},"loc":{"start":{"line":3,"column":43},"end":{"line":3,"column":72}},"line":3},"1":{"name":"(anonymous_1)","decl":{"start":{"line":5,"column":28},"end":{"line":5,"column":29}},"loc":{"start":{"line":5,"column":42},"end":{"line":17,"column":1}},"line":5},"2":{"name":"(anonymous_2)","decl":{"start":{"line":19,"column":28},"end":{"line":19,"column":29}},"loc":{"start":{"line":19,"column":42},"end":{"line":24,"column":1}},"line":19},"3":{"name":"(anonymous_3)","decl":{"start":{"line":20,"column":36},"end":{"line":20,"column":37}},"loc":{"start":{"line":20,"column":41},"end":{"line":20,"column":73}},"line":20},"4":{"name":"(anonymous_4)","decl":{"start":{"line":26,"column":28},"end":{"line":26,"column":29}},"loc":{"start":{"line":26,"column":42},"end":{"line":29,"column":1}},"line":26},"5":{"name":"(anonymous_5)","decl":{"start":{"line":27,"column":37},"end":{"line":27,"column":38}},"loc":{"start":{"line":27,"column":42},"end":{"line":27,"column":107}},"line":27},"6":{"name":"(anonymous_6)","decl":{"start":{"line":32,"column":29},"end":{"line":32,"column":30}},"loc":{"start":{"line":32,"column":43},"end":{"line":36,"column":1}},"line":32},"7":{"name":"(anonymous_7)","decl":{"start":{"line":33,"column":32},"end":{"line":33,"column":33}},"loc":{"start":{"line":33,"column":37},"end":{"line":33,"column":69}},"line":33}},"branchMap":{"0":{"loc":{"start":{"line":7,"column":4},"end":{"line":7,"column":null}},"type":"if","locations":[{"start":{"line":7,"column":4},"end":{"line":7,"column":null}},{"start":{},"end":{}}],"line":7},"1":{"loc":{"start":{"line":7,"column":8},"end":{"line":7,"column":35}},"type":"binary-expr","locations":[{"start":{"line":7,"column":8},"end":{"line":7,"column":12}},{"start":{"line":7,"column":16},"end":{"line":7,"column":35}}],"line":7},"2":{"loc":{"start":{"line":21,"column":4},"end":{"line":21,"column":null}},"type":"if","locations":[{"start":{"line":21,"column":4},"end":{"line":21,"column":null}},{"start":{},"end":{}}],"line":21},"3":{"loc":{"start":{"line":27,"column":72},"end":{"line":27,"column":91}},"type":"binary-expr","locations":[{"start":{"line":27,"column":72},"end":{"line":27,"column":85}},{"start":{"line":27,"column":89},"end":{"line":27,"column":91}}],"line":27},"4":{"loc":{"start":{"line":34,"column":4},"end":{"line":34,"column":null}},"type":"if","locations":[{"start":{"line":34,"column":4},"end":{"line":34,"column":null}},{"start":{},"end":{}}],"line":34}},"s":{"0":1,"1":1,"2":1,"3":2,"4":2,"5":1,"6":1,"7":1,"8":1,"9":1,"10":2,"11":5,"12":2,"13":1,"14":1,"15":1,"16":1,"17":1,"18":3,"19":1,"20":1,"21":2,"22":4,"23":2,"24":1,"25":1},"f":{"0":1,"1":2,"2":2,"3":5,"4":1,"5":3,"6":2,"7":4},"b":{"0":[1,1],"1":[2,2],"2":[1,1],"3":[3,0],"4":[1,1]},"meta":{"lastBranch":5,"lastFunction":8,"lastStatement":26,"seen":{"s:3:29:3:72":0,"f:3:29:3:30":0,"s:3:43:3:72":1,"s:5:28:17:1":2,"f:5:28:5:29":1,"s:6:27:6:35":3,"b:7:4:7:Infinity:undefined:undefined:undefined:undefined":0,"s:7:4:7:Infinity":4,"b:7:8:7:12:7:16:7:35":1,"s:7:37:7:Infinity":5,"s:9:26:14:5":6,"s:15:4:15:Infinity":7,"s:16:4:16:Infinity":8,"s:19:28:24:1":9,"f:19:28:19:29":2,"s:20:18:20:74":10,"f:20:36:20:37":3,"s:20:41:20:73":11,"b:21:4:21:Infinity:undefined:undefined:undefined:undefined":2,"s:21:4:21:Infinity":12,"s:21:22:21:Infinity":13,"s:22:4:22:Infinity":14,"s:23:4:23:Infinity":15,"s:26:28:29:1":16,"f:26:28:26:29":4,"s:27:22:27:108":17,"f:27:37:27:38":5,"s:27:42:27:107":18,"b:27:72:27:85:27:89:27:91":3,"s:28:4:28:Infinity":19,"s:32:29:36:1":20,"f:32:29:32:30":6,"s:33:19:33:70":21,"f:33:32:33:33":7,"s:33:37:33:69":22,"b:34:4:34:Infinity:undefined:undefined:undefined:undefined":4,"s:34:4:34:Infinity":23,"s:34:17:34:Infinity":24,"s:35:4:35:Infinity":25},"fnNames":{}}}
,"/home/roslyne-chella/Documents/ICT304/api-tsakem/src/controllers/transaction.controller.js": {"path":"/home/roslyne-chella/Documents/ICT304/api-tsakem/src/controllers/transaction.controller.js","statementMap":{"0":{"start":{"line":3,"column":34},"end":{"line":20,"column":1}},"1":{"start":{"line":4,"column":34},"end":{"line":4,"column":42}},"2":{"start":{"line":5,"column":19},"end":{"line":5,"column":49}},"3":{"start":{"line":5,"column":37},"end":{"line":5,"column":48}},"4":{"start":{"line":7,"column":4},"end":{"line":7,"column":null}},"5":{"start":{"line":7,"column":17},"end":{"line":7,"column":null}},"6":{"start":{"line":8,"column":4},"end":{"line":8,"column":null}},"7":{"start":{"line":8,"column":22},"end":{"line":8,"column":null}},"8":{"start":{"line":10,"column":4},"end":{"line":19,"column":null}},"9":{"start":{"line":11,"column":8},"end":{"line":11,"column":null}},"10":{"start":{"line":11,"column":36},"end":{"line":11,"column":null}},"11":{"start":{"line":12,"column":8},"end":{"line":12,"column":null}},"12":{"start":{"line":13,"column":8},"end":{"line":13,"column":null}},"13":{"start":{"line":14,"column":8},"end":{"line":14,"column":null}},"14":{"start":{"line":15,"column":11},"end":{"line":19,"column":null}},"15":{"start":{"line":16,"column":8},"end":{"line":16,"column":null}},"16":{"start":{"line":17,"column":8},"end":{"line":17,"column":null}},"17":{"start":{"line":18,"column":8},"end":{"line":18,"column":null}},"18":{"start":{"line":22,"column":31},"end":{"line":37,"column":1}},"19":{"start":{"line":23,"column":38},"end":{"line":23,"column":46}},"20":{"start":{"line":24,"column":23},"end":{"line":24,"column":57}},"21":{"start":{"line":24,"column":41},"end":{"line":24,"column":56}},"22":{"start":{"line":25,"column":25},"end":{"line":25,"column":57}},"23":{"start":{"line":25,"column":43},"end":{"line":25,"column":56}},"24":{"start":{"line":27,"column":4},"end":{"line":27,"column":null}},"25":{"start":{"line":27,"column":38},"end":{"line":27,"column":null}},"26":{"start":{"line":28,"column":4},"end":{"line":28,"column":null}},"27":{"start":{"line":28,"column":36},"end":{"line":28,"column":null}},"28":{"start":{"line":30,"column":4},"end":{"line":30,"column":null}},"29":{"start":{"line":31,"column":4},"end":{"line":31,"column":null}},"30":{"start":{"line":33,"column":4},"end":{"line":33,"column":null}},"31":{"start":{"line":34,"column":4},"end":{"line":34,"column":null}},"32":{"start":{"line":36,"column":4},"end":{"line":36,"column":null}}},"fnMap":{"0":{"name":"(anonymous_0)","decl":{"start":{"line":3,"column":34},"end":{"line":3,"column":35}},"loc":{"start":{"line":3,"column":48},"end":{"line":20,"column":1}},"line":3},"1":{"name":"(anonymous_1)","decl":{"start":{"line":5,"column":32},"end":{"line":5,"column":33}},"loc":{"start":{"line":5,"column":37},"end":{"line":5,"column":48}},"line":5},"2":{"name":"(anonymous_2)","decl":{"start":{"line":22,"column":31},"end":{"line":22,"column":32}},"loc":{"start":{"line":22,"column":45},"end":{"line":37,"column":1}},"line":22},"3":{"name":"(anonymous_3)","decl":{"start":{"line":24,"column":36},"end":{"line":24,"column":37}},"loc":{"start":{"line":24,"column":41},"end":{"line":24,"column":56}},"line":24},"4":{"name":"(anonymous_4)","decl":{"start":{"line":25,"column":38},"end":{"line":25,"column":39}},"loc":{"start":{"line":25,"column":43},"end":{"line":25,"column":56}},"line":25}},"branchMap":{"0":{"loc":{"start":{"line":7,"column":4},"end":{"line":7,"column":null}},"type":"if","locations":[{"start":{"line":7,"column":4},"end":{"line":7,"column":null}},{"start":{},"end":{}}],"line":7},"1":{"loc":{"start":{"line":8,"column":4},"end":{"line":8,"column":null}},"type":"if","locations":[{"start":{"line":8,"column":4},"end":{"line":8,"column":null}},{"start":{},"end":{}}],"line":8},"2":{"loc":{"start":{"line":10,"column":4},"end":{"line":19,"column":null}},"type":"if","locations":[{"start":{"line":10,"column":4},"end":{"line":19,"column":null}},{"start":{"line":15,"column":11},"end":{"line":19,"column":null}}],"line":10},"3":{"loc":{"start":{"line":11,"column":8},"end":{"line":11,"column":null}},"type":"if","locations":[{"start":{"line":11,"column":8},"end":{"line":11,"column":null}},{"start":{},"end":{}}],"line":11},"4":{"loc":{"start":{"line":15,"column":11},"end":{"line":19,"column":null}},"type":"if","locations":[{"start":{"line":15,"column":11},"end":{"line":19,"column":null}},{"start":{},"end":{}}],"line":15},"5":{"loc":{"start":{"line":27,"column":4},"end":{"line":27,"column":null}},"type":"if","locations":[{"start":{"line":27,"column":4},"end":{"line":27,"column":null}},{"start":{},"end":{}}],"line":27},"6":{"loc":{"start":{"line":27,"column":8},"end":{"line":27,"column":36}},"type":"binary-expr","locations":[{"start":{"line":27,"column":8},"end":{"line":27,"column":19}},{"start":{"line":27,"column":23},"end":{"line":27,"column":36}}],"line":27},"7":{"loc":{"start":{"line":28,"column":4},"end":{"line":28,"column":null}},"type":"if","locations":[{"start":{"line":28,"column":4},"end":{"line":28,"column":null}},{"start":{},"end":{}}],"line":28}},"s":{"0":1,"1":5,"2":5,"3":10,"4":5,"5":1,"6":4,"7":4,"8":3,"9":2,"10":1,"11":1,"12":1,"13":1,"14":1,"15":1,"16":1,"17":1,"18":1,"19":2,"20":2,"21":4,"22":2,"23":3,"24":2,"25":1,"26":1,"27":1,"28":0,"29":0,"30":0,"31":0,"32":0},"f":{"0":5,"1":10,"2":2,"3":4,"4":3},"b":{"0":[1,4],"1":[1,3],"2":[2,1],"3":[1,1],"4":[1,0],"5":[1,1],"6":[2,1],"7":[1,0]},"meta":{"lastBranch":8,"lastFunction":5,"lastStatement":33,"seen":{"s:3:34:20:1":0,"f:3:34:3:35":0,"s:4:34:4:42":1,"s:5:19:5:49":2,"f:5:32:5:33":1,"s:5:37:5:48":3,"b:7:4:7:Infinity:undefined:undefined:undefined:undefined":0,"s:7:4:7:Infinity":4,"s:7:17:7:Infinity":5,"b:8:4:8:Infinity:undefined:undefined:undefined:undefined":1,"s:8:4:8:Infinity":6,"s:8:22:8:Infinity":7,"b:10:4:19:Infinity:15:11:19:Infinity":2,"s:10:4:19:Infinity":8,"b:11:8:11:Infinity:undefined:undefined:undefined:undefined":3,"s:11:8:11:Infinity":9,"s:11:36:11:Infinity":10,"s:12:8:12:Infinity":11,"s:13:8:13:Infinity":12,"s:14:8:14:Infinity":13,"b:15:11:19:Infinity:undefined:undefined:undefined:undefined":4,"s:15:11:19:Infinity":14,"s:16:8:16:Infinity":15,"s:17:8:17:Infinity":16,"s:18:8:18:Infinity":17,"s:22:31:37:1":18,"f:22:31:22:32":2,"s:23:38:23:46":19,"s:24:23:24:57":20,"f:24:36:24:37":3,"s:24:41:24:56":21,"s:25:25:25:57":22,"f:25:38:25:39":4,"s:25:43:25:56":23,"b:27:4:27:Infinity:undefined:undefined:undefined:undefined":5,"s:27:4:27:Infinity":24,"b:27:8:27:19:27:23:27:36":6,"s:27:38:27:Infinity":25,"b:28:4:28:Infinity:undefined:undefined:undefined:undefined":7,"s:28:4:28:Infinity":26,"s:28:36:28:Infinity":27,"s:30:4:30:Infinity":28,"s:31:4:31:Infinity":29,"s:33:4:33:Infinity":30,"s:34:4:34:Infinity":31,"s:36:4:36:Infinity":32},"fnNames":{}}}
,"/home/roslyne-chella/Documents/ICT304/api-tsakem/src/data/database.js": {"path":"/home/roslyne-chella/Documents/ICT304/api-tsakem/src/data/database.js","statementMap":{"0":{"start":{"line":2,"column":21},"end":{"line":5,"column":1}},"1":{"start":{"line":8,"column":26},"end":{"line":8,"column":96}},"2":{"start":{"line":8,"column":32},"end":{"line":8,"column":96}},"3":{"start":{"line":8,"column":82},"end":{"line":8,"column":86}}},"fnMap":{"0":{"name":"(anonymous_0)","decl":{"start":{"line":8,"column":26},"end":{"line":8,"column":27}},"loc":{"start":{"line":8,"column":32},"end":{"line":8,"column":96}},"line":8},"1":{"name":"(anonymous_1)","decl":{"start":{"line":8,"column":77},"end":{"line":8,"column":78}},"loc":{"start":{"line":8,"column":82},"end":{"line":8,"column":86}},"line":8}},"branchMap":{"0":{"loc":{"start":{"line":8,"column":32},"end":{"line":8,"column":96}},"type":"cond-expr","locations":[{"start":{"line":8,"column":53},"end":{"line":8,"column":92}},{"start":{"line":8,"column":95},"end":{"line":8,"column":96}}],"line":8}},"s":{"0":1,"1":1,"2":1,"3":2},"f":{"0":1,"1":2},"b":{"0":[1,0]},"meta":{"lastBranch":1,"lastFunction":2,"lastStatement":4,"seen":{"s:2:21:5:1":0,"s:8:26:8:96":1,"f:8:26:8:27":0,"s:8:32:8:96":2,"b:8:53:8:92:8:95:8:96":0,"f:8:77:8:78":1,"s:8:82:8:86":3},"fnNames":{}}}
,"/home/roslyne-chella/Documents/ICT304/api-tsakem/src/docs/swagger.js": {"path":"/home/roslyne-chella/Documents/ICT304/api-tsakem/src/docs/swagger.js","statementMap":{"0":{"start":{"line":1,"column":31},"end":{"line":76,"column":1}}},"fnMap":{},"branchMap":{},"s":{"0":1},"f":{},"b":{},"meta":{"lastBranch":0,"lastFunction":0,"lastStatement":1,"seen":{"s:1:31:76:1":0},"fnNames":{}}}
,"/home/roslyne-chella/Documents/ICT304/api-tsakem/src/routes/compte.routes.js": {"path":"/home/roslyne-chella/Documents/ICT304/api-tsakem/src/routes/compte.routes.js","statementMap":{"0":{"start":{"line":4,"column":15},"end":{"line":4,"column":31}},"1":{"start":{"line":6,"column":0},"end":{"line":6,"column":null}},"2":{"start":{"line":7,"column":0},"end":{"line":7,"column":null}},"3":{"start":{"line":8,"column":0},"end":{"line":8,"column":null}},"4":{"start":{"line":9,"column":0},"end":{"line":9,"column":null}},"5":{"start":{"line":10,"column":0},"end":{"line":10,"column":53}}},"fnMap":{},"branchMap":{},"s":{"0":1,"1":1,"2":1,"3":1,"4":1,"5":1},"f":{},"b":{},"meta":{"lastBranch":0,"lastFunction":0,"lastStatement":6,"seen":{"s:4:15:4:31":0,"s:6:0:6:Infinity":1,"s:7:0:7:Infinity":2,"s:8:0:8:Infinity":3,"s:9:0:9:Infinity":4,"s:10:0:10:53":5},"fnNames":{}}}
,"/home/roslyne-chella/Documents/ICT304/api-tsakem/src/routes/transaction.routes.js": {"path":"/home/roslyne-chella/Documents/ICT304/api-tsakem/src/routes/transaction.routes.js","statementMap":{"0":{"start":{"line":4,"column":15},"end":{"line":4,"column":31}},"1":{"start":{"line":6,"column":0},"end":{"line":6,"column":null}},"2":{"start":{"line":7,"column":0},"end":{"line":7,"column":null}}},"fnMap":{},"branchMap":{},"s":{"0":1,"1":1,"2":1},"f":{},"b":{},"meta":{"lastBranch":0,"lastFunction":0,"lastStatement":3,"seen":{"s:4:15:4:31":0,"s:6:0:6:Infinity":1,"s:7:0:7:Infinity":2},"fnNames":{}}}
,"/home/roslyne-chella/Documents/ICT304/api-tsakem/src/views/home.js": {"path":"/home/roslyne-chella/Documents/ICT304/api-tsakem/src/views/home.js","statementMap":{"0":{"start":{"line":1,"column":26},"end":{"line":364,"column":1}},"1":{"start":{"line":2,"column":17},"end":{"line":362,"column":5}},"2":{"start":{"line":363,"column":4},"end":{"line":363,"column":null}}},"fnMap":{"0":{"name":"(anonymous_0)","decl":{"start":{"line":1,"column":26},"end":{"line":1,"column":27}},"loc":{"start":{"line":1,"column":40},"end":{"line":364,"column":1}},"line":1}},"branchMap":{},"s":{"0":1,"1":0,"2":0},"f":{"0":0},"b":{},"meta":{"lastBranch":0,"lastFunction":1,"lastStatement":3,"seen":{"s:1:26:364:1":0,"f:1:26:1:27":0,"s:2:17:362:5":1,"s:363:4:363:Infinity":2},"fnNames":{}}}
}
